Build started 11/20/2015 7:51:17 PM.
     1>Project "C:\Phi\SemesterProject\CUDAImageProcessing\CUDAImageProcessing\CUDAImageProcessing.vcxproj" on node 2 (Rebuild target(s)).
     1>ClCompile:
         C:\Program Files (x86)\Microsoft Visual Studio 12.0\VC\bin\x86_amd64\CL.exe /c /I\..\..\include /Zi /nologo /W3 /WX- /O2 /Oi /GL /D WIN32 /D _WINDOWS /D NDEBUG /D _UNICODE /D UNICODE /D _AFXDLL /Gm- /EHsc /MD /GS /Gy /fp:precise /Zc:wchar_t /Zc:forScope /Yc"stdafx.h" /Fp"x64\Release\CUDAImageProcessing.pch" /Fo"x64\Release\\" /Fd"x64\Release\vc120.pdb" /Gd /TP /errorReport:prompt stdafx.cpp
         stdafx.cpp
         C:\Program Files (x86)\Microsoft Visual Studio 12.0\VC\bin\x86_amd64\CL.exe /c /I\..\..\include /Zi /nologo /W3 /WX- /O2 /Oi /GL /D WIN32 /D _WINDOWS /D NDEBUG /D _UNICODE /D UNICODE /D _AFXDLL /Gm- /EHsc /MD /GS /Gy /fp:precise /Zc:wchar_t /Zc:forScope /Yu"stdafx.h" /Fp"x64\Release\CUDAImageProcessing.pch" /Fo"x64\Release\\" /Fd"x64\Release\vc120.pdb" /Gd /TP /errorReport:prompt CUDAImageProcessing.cpp CUDAImageProcessingDoc.cpp CUDAImageProcessingView.cpp MainFrm.cpp
         CUDAImageProcessing.cpp
         CUDAImageProcessingDoc.cpp
         CUDAImageProcessingView.cpp
         MainFrm.cpp
       ResourceCompile:
         C:\Program Files (x86)\Windows Kits\8.1\bin\x86\rc.exe /D NDEBUG /D _UNICODE /D UNICODE /D _AFXDLL /l"0x0409" /Ix64\Release\ /nologo /fo"x64\Release\CUDAImageProcessing.res" CUDAImageProcessing.rc 
       Link:
         C:\Program Files (x86)\Microsoft Visual Studio 12.0\VC\bin\x86_amd64\link.exe /ERRORREPORT:PROMPT /OUT:"C:\Phi\SemesterProject\CUDAImageProcessing\x64\Release\CUDAImageProcessing.exe" /INCREMENTAL:NO /NOLOGO /LIBPATH:\lib opencv_ts300.lib opencv_world300.lib /MANIFEST /MANIFESTUAC:"level='asInvoker' uiAccess='false'" /manifest:embed /manifestinput:"C:\Program Files (x86)\Microsoft Visual Studio 12.0\VC\Include\Manifest\dpiaware.manifest" /DEBUG /PDB:"C:\Phi\SemesterProject\CUDAImageProcessing\x64\Release\CUDAImageProcessing.pdb" /SUBSYSTEM:WINDOWS /OPT:REF /OPT:ICF /LTCG /TLBID:1 /ENTRY:"wWinMainCRTStartup" /DYNAMICBASE /NXCOMPAT /IMPLIB:"C:\Phi\SemesterProject\CUDAImageProcessing\x64\Release\CUDAImageProcessing.lib" /MACHINE:X64 x64\Release\CUDAImageProcessing.res
         x64\Release\CUDAImageProcessing.obj
         x64\Release\CUDAImageProcessingDoc.obj
         x64\Release\CUDAImageProcessingView.obj
         x64\Release\MainFrm.obj
         x64\Release\stdafx.obj
     1>LINK : fatal error LNK1181: cannot open input file 'opencv_ts300.lib'
     1>Done Building Project "C:\Phi\SemesterProject\CUDAImageProcessing\CUDAImageProcessing\CUDAImageProcessing.vcxproj" (Rebuild target(s)) -- FAILED.

Build FAILED.

Time Elapsed 00:00:02.15
