c:\users\ekgal\documents\github\cudaimageprocessing\debug\cudaimageprocessing.pch
c:\users\ekgal\documents\github\cudaimageprocessing\debug\vc120.pdb
c:\users\ekgal\documents\github\cudaimageprocessing\debug\vc120.idb
c:\users\ekgal\documents\github\cudaimageprocessing\debug\stdafx.obj
c:\users\ekgal\documents\github\cudaimageprocessing\debug\cudaimageprocessing.obj
c:\users\ekgal\documents\github\cudaimageprocessing\debug\cudaimageprocessingdoc.obj
c:\users\ekgal\documents\github\cudaimageprocessing\debug\mainfrm.obj
c:\users\ekgal\documents\github\cudaimageprocessing\debug\utility.obj
c:\users\ekgal\documents\github\cudaimageprocessing\debug\cudaimageprocessingview.obj
c:\users\ekgal\documents\github\cudaimageprocessing\debug\cudaimageprocessing.res
c:\users\ekgal\documents\github\cudaimageprocessing\debug\cudaimageprocessing.pdb
c:\users\ekgal\documents\github\cudaimageprocessing\debug\cudaimag.1af451f5.tlog\cl.command.1.tlog
c:\users\ekgal\documents\github\cudaimageprocessing\debug\cudaimag.1af451f5.tlog\cl.read.1.tlog
c:\users\ekgal\documents\github\cudaimageprocessing\debug\cudaimag.1af451f5.tlog\cl.write.1.tlog
c:\users\ekgal\documents\github\cudaimageprocessing\debug\cudaimag.1af451f5.tlog\link-cvtres.read.1.tlog
c:\users\ekgal\documents\github\cudaimageprocessing\debug\cudaimag.1af451f5.tlog\link-cvtres.write.1.tlog
c:\users\ekgal\documents\github\cudaimageprocessing\debug\cudaimag.1af451f5.tlog\link-mt.read.1.tlog
c:\users\ekgal\documents\github\cudaimageprocessing\debug\cudaimag.1af451f5.tlog\link-mt.write.1.tlog
c:\users\ekgal\documents\github\cudaimageprocessing\debug\cudaimag.1af451f5.tlog\link-rc.read.1.tlog
c:\users\ekgal\documents\github\cudaimageprocessing\debug\cudaimag.1af451f5.tlog\link-rc.write.1.tlog
c:\users\ekgal\documents\github\cudaimageprocessing\debug\cudaimag.1af451f5.tlog\link.command.1.tlog
c:\users\ekgal\documents\github\cudaimageprocessing\debug\cudaimag.1af451f5.tlog\link.read.1.tlog
c:\users\ekgal\documents\github\cudaimageprocessing\debug\cudaimag.1af451f5.tlog\link.write.1.tlog
c:\users\ekgal\documents\github\cudaimageprocessing\debug\cudaimag.1af451f5.tlog\rc.command.1.tlog
c:\users\ekgal\documents\github\cudaimageprocessing\debug\cudaimag.1af451f5.tlog\rc.read.1.tlog
c:\users\ekgal\documents\github\cudaimageprocessing\debug\cudaimag.1af451f5.tlog\rc.write.1.tlog
