c:\phi\semesterproject\cudaimageprocessing\cudaimageprocessing\x64\debug\cudaimageprocessing.pch
c:\phi\semesterproject\cudaimageprocessing\cudaimageprocessing\x64\debug\vc120.pdb
c:\phi\semesterproject\cudaimageprocessing\cudaimageprocessing\x64\debug\vc120.idb
c:\phi\semesterproject\cudaimageprocessing\cudaimageprocessing\x64\debug\stdafx.obj
c:\phi\semesterproject\cudaimageprocessing\cudaimageprocessing\x64\debug\cudaimageprocessing.obj
c:\phi\semesterproject\cudaimageprocessing\cudaimageprocessing\x64\debug\cudaimageprocessingdoc.obj
c:\phi\semesterproject\cudaimageprocessing\cudaimageprocessing\x64\debug\cudaimageprocessingview.obj
c:\phi\semesterproject\cudaimageprocessing\cudaimageprocessing\x64\debug\mainfrm.obj
c:\phi\semesterproject\cudaimageprocessing\x64\debug\cudaimageprocessing.ilk
c:\phi\semesterproject\cudaimageprocessing\x64\debug\cudaimageprocessing.exe
c:\phi\semesterproject\cudaimageprocessing\x64\debug\cudaimageprocessing.pdb
c:\phi\semesterproject\cudaimageprocessing\cudaimageprocessing\x64\debug\cudaimageprocessing.res
c:\phi\semesterproject\cudaimageprocessing\cudaimageprocessing\x64\debug\cudaimag.1af451f5.tlog\cl.command.1.tlog
c:\phi\semesterproject\cudaimageprocessing\cudaimageprocessing\x64\debug\cudaimag.1af451f5.tlog\cl.read.1.tlog
c:\phi\semesterproject\cudaimageprocessing\cudaimageprocessing\x64\debug\cudaimag.1af451f5.tlog\cl.write.1.tlog
c:\phi\semesterproject\cudaimageprocessing\cudaimageprocessing\x64\debug\cudaimag.1af451f5.tlog\link.command.1.tlog
c:\phi\semesterproject\cudaimageprocessing\cudaimageprocessing\x64\debug\cudaimag.1af451f5.tlog\link.read.1.tlog
c:\phi\semesterproject\cudaimageprocessing\cudaimageprocessing\x64\debug\cudaimag.1af451f5.tlog\link.write.1.tlog
c:\phi\semesterproject\cudaimageprocessing\cudaimageprocessing\x64\debug\cudaimag.1af451f5.tlog\rc.command.1.tlog
c:\phi\semesterproject\cudaimageprocessing\cudaimageprocessing\x64\debug\cudaimag.1af451f5.tlog\rc.read.1.tlog
c:\phi\semesterproject\cudaimageprocessing\cudaimageprocessing\x64\debug\cudaimag.1af451f5.tlog\rc.write.1.tlog
